2021-08-23 18:24:25 DEBUG c.e.j.p.Parser [main] Sentence to SentenceContent list conversion ended
2021-08-23 18:24:25 DEBUG c.e.j.p.Parser [main] Sentence to SentenceContent list conversion started
2021-08-23 18:24:25 DEBUG c.e.j.p.Parser [main] Sentence to SentenceContent list conversion ended
2021-08-23 18:24:25 DEBUG c.e.j.p.Parser [main] Sentence to SentenceContent list conversion started
2021-08-23 18:24:25 DEBUG c.e.j.p.Parser [main] Sentence to SentenceContent list conversion ended
2021-08-23 18:24:25 DEBUG c.e.j.p.Parser [main] Sentence to SentenceContent list conversion started
2021-08-23 18:24:25 DEBUG c.e.j.p.Parser [main] Sentence to SentenceContent list conversion ended
2021-08-23 18:24:25 DEBUG c.e.j.p.Parser [main] Sentence to SentenceContent list conversion started
2021-08-23 18:24:25 DEBUG c.e.j.p.Parser [main] Sentence to SentenceContent list conversion ended
2021-08-23 18:24:25 DEBUG c.e.j.p.Parser [main] Text to Sentence list conversion ended
2021-08-23 18:24:28 DEBUG c.e.j.l.Logic [main] Fourth option chosen
2021-08-23 18:28:00 DEBUG c.e.j.p.Parser [main] Text to Sentence list conversion started
2021-08-23 18:28:00 DEBUG c.e.j.p.Parser [main] Sentence to SentenceContent list conversion started
2021-08-23 18:28:00 DEBUG c.e.j.p.Parser [main] Sentence to SentenceContent list conversion ended
2021-08-23 18:28:00 DEBUG c.e.j.p.Parser [main] Sentence to SentenceContent list conversion started
2021-08-23 18:28:00 DEBUG c.e.j.p.Parser [main] Sentence to SentenceContent list conversion ended
2021-08-23 18:28:00 DEBUG c.e.j.p.Parser [main] Sentence to SentenceContent list conversion started
2021-08-23 18:28:00 DEBUG c.e.j.p.Parser [main] Sentence to SentenceContent list conversion ended
2021-08-23 18:28:00 DEBUG c.e.j.p.Parser [main] Sentence to SentenceContent list conversion started
2021-08-23 18:28:00 DEBUG c.e.j.p.Parser [main] Sentence to SentenceContent list conversion ended
2021-08-23 18:28:00 DEBUG c.e.j.p.Parser [main] Sentence to SentenceContent list conversion started
2021-08-23 18:28:00 DEBUG c.e.j.p.Parser [main] Sentence to SentenceContent list conversion ended
2021-08-23 18:28:00 DEBUG c.e.j.p.Parser [main] Sentence to SentenceContent list conversion started
2021-08-23 18:28:00 DEBUG c.e.j.p.Parser [main] Sentence to SentenceContent list conversion ended
2021-08-23 18:28:00 DEBUG c.e.j.p.Parser [main] Sentence to SentenceContent list conversion started
2021-08-23 18:28:00 DEBUG c.e.j.p.Parser [main] Sentence to SentenceContent list conversion ended
2021-08-23 18:28:00 DEBUG c.e.j.p.Parser [main] Sentence to SentenceContent list conversion started
2021-08-23 18:28:00 DEBUG c.e.j.p.Parser [main] Sentence to SentenceContent list conversion ended
2021-08-23 18:28:00 DEBUG c.e.j.p.Parser [main] Sentence to SentenceContent list conversion started
2021-08-23 18:28:00 DEBUG c.e.j.p.Parser [main] Sentence to SentenceContent list conversion ended
2021-08-23 18:28:00 DEBUG c.e.j.p.Parser [main] Sentence to SentenceContent list conversion started
2021-08-23 18:28:00 DEBUG c.e.j.p.Parser [main] Sentence to SentenceContent list conversion ended
2021-08-23 18:28:00 DEBUG c.e.j.p.Parser [main] Sentence to SentenceContent list conversion started
2021-08-23 18:28:00 DEBUG c.e.j.p.Parser [main] Sentence to SentenceContent list conversion ended
2021-08-23 18:28:00 DEBUG c.e.j.p.Parser [main] Sentence to SentenceContent list conversion started
2021-08-23 18:28:00 DEBUG c.e.j.p.Parser [main] Sentence to SentenceContent list conversion ended
2021-08-23 18:28:00 DEBUG c.e.j.p.Parser [main] Sentence to SentenceContent list conversion started
2021-08-23 18:28:00 DEBUG c.e.j.p.Parser [main] Sentence to SentenceContent list conversion ended
2021-08-23 18:28:00 DEBUG c.e.j.p.Parser [main] Sentence to SentenceContent list conversion started
2021-08-23 18:28:00 DEBUG c.e.j.p.Parser [main] Sentence to SentenceContent list conversion ended
2021-08-23 18:28:00 DEBUG c.e.j.p.Parser [main] Sentence to SentenceContent list conversion started
2021-08-23 18:28:00 DEBUG c.e.j.p.Parser [main] Sentence to SentenceContent list conversion ended
2021-08-23 18:28:00 DEBUG c.e.j.p.Parser [main] Sentence to SentenceContent list conversion started
2021-08-23 18:28:00 DEBUG c.e.j.p.Parser [main] Sentence to SentenceContent list conversion ended
2021-08-23 18:28:00 DEBUG c.e.j.p.Parser [main] Sentence to SentenceContent list conversion started
2021-08-23 18:28:00 DEBUG c.e.j.p.Parser [main] Sentence to SentenceContent list conversion ended
2021-08-23 18:28:00 DEBUG c.e.j.p.Parser [main] Sentence to SentenceContent list conversion started
2021-08-23 18:28:00 DEBUG c.e.j.p.Parser [main] Sentence to SentenceContent list conversion ended
2021-08-23 18:28:00 DEBUG c.e.j.p.Parser [main] Sentence to SentenceContent list conversion started
2021-08-23 18:28:00 DEBUG c.e.j.p.Parser [main] Sentence to SentenceContent list conversion ended
2021-08-23 18:28:00 DEBUG c.e.j.p.Parser [main] Sentence to SentenceContent list conversion started
2021-08-23 18:28:00 DEBUG c.e.j.p.Parser [main] Sentence to SentenceContent list conversion ended
2021-08-23 18:28:00 DEBUG c.e.j.p.Parser [main] Sentence to SentenceContent list conversion started
2021-08-23 18:28:00 DEBUG c.e.j.p.Parser [main] Sentence to SentenceContent list conversion ended
2021-08-23 18:28:00 DEBUG c.e.j.p.Parser [main] Sentence to SentenceContent list conversion started
2021-08-23 18:28:00 DEBUG c.e.j.p.Parser [main] Sentence to SentenceContent list conversion ended
2021-08-23 18:28:00 DEBUG c.e.j.p.Parser [main] Sentence to SentenceContent list conversion started
2021-08-23 18:28:00 DEBUG c.e.j.p.Parser [main] Sentence to SentenceContent list conversion ended
2021-08-23 18:28:00 DEBUG c.e.j.p.Parser [main] Sentence to SentenceContent list conversion started
2021-08-23 18:28:00 DEBUG c.e.j.p.Parser [main] Sentence to SentenceContent list conversion ended
2021-08-23 18:28:00 DEBUG c.e.j.p.Parser [main] Sentence to SentenceContent list conversion started
2021-08-23 18:28:00 DEBUG c.e.j.p.Parser [main] Sentence to SentenceContent list conversion ended
2021-08-23 18:28:00 DEBUG c.e.j.p.Parser [main] Text to Sentence list conversion ended
2021-08-23 18:28:04 DEBUG c.e.j.l.Logic [main] Fourth option chosen
